0 info it worked if it ends with ok
1 verbose cli [ '/Users/mengqizhu/.nvm/versions/node/v6.6.0/bin/node',
1 verbose cli   '/Users/mengqizhu/.nvm/versions/node/v6.6.0/bin/npm',
1 verbose cli   'run',
1 verbose cli   'server' ]
2 info using npm@3.10.3
3 info using node@v6.6.0
4 verbose run-script [ 'preserver', 'server', 'postserver' ]
5 info lifecycle my-app@0.1.0~preserver: my-app@0.1.0
6 silly lifecycle my-app@0.1.0~preserver: no script for preserver, continuing
7 info lifecycle my-app@0.1.0~server: my-app@0.1.0
8 verbose lifecycle my-app@0.1.0~server: unsafe-perm in lifecycle true
9 verbose lifecycle my-app@0.1.0~server: PATH: /Users/mengqizhu/.nvm/versions/node/v6.6.0/lib/node_modules/npm/bin/node-gyp-bin:/Users/mengqizhu/Lighthouse/Lighthouse-bootcamp/goal-for-it/node_modules/.bin:/Users/mengqizhu/.nvm/versions/node/v6.6.0/bin:/Users/mengqizhu/.rvm/gems/ruby-2.2.1/bin:/Users/mengqizhu/.rvm/gems/ruby-2.2.1@global/bin:/Users/mengqizhu/.rvm/rubies/ruby-2.2.1/bin:/Users/mengqizhu/.nvm/versions/node/v6.6.0/bin:/usr/local/bin:/usr/bin:/bin:/usr/sbin:/sbin:/Users/mengqizhu/.rvm/bin
10 verbose lifecycle my-app@0.1.0~server: CWD: /Users/mengqizhu/Lighthouse/Lighthouse-bootcamp/goal-for-it
11 silly lifecycle my-app@0.1.0~server: Args: [ '-c', 'nodemon --ignore \'src/*.js\' server.js' ]
12 silly lifecycle my-app@0.1.0~server: Returned: code: 1  signal: null
13 info lifecycle my-app@0.1.0~server: Failed to exec server script
14 verbose stack Error: my-app@0.1.0 server: `nodemon --ignore 'src/*.js' server.js`
14 verbose stack Exit status 1
14 verbose stack     at EventEmitter.<anonymous> (/Users/mengqizhu/.nvm/versions/node/v6.6.0/lib/node_modules/npm/lib/utils/lifecycle.js:242:16)
14 verbose stack     at emitTwo (events.js:106:13)
14 verbose stack     at EventEmitter.emit (events.js:191:7)
14 verbose stack     at ChildProcess.<anonymous> (/Users/mengqizhu/.nvm/versions/node/v6.6.0/lib/node_modules/npm/lib/utils/spawn.js:40:14)
14 verbose stack     at emitTwo (events.js:106:13)
14 verbose stack     at ChildProcess.emit (events.js:191:7)
14 verbose stack     at maybeClose (internal/child_process.js:877:16)
14 verbose stack     at Process.ChildProcess._handle.onexit (internal/child_process.js:226:5)
15 verbose pkgid my-app@0.1.0
16 verbose cwd /Users/mengqizhu/Lighthouse/Lighthouse-bootcamp/goal-for-it
17 error Darwin 15.6.0
18 error argv "/Users/mengqizhu/.nvm/versions/node/v6.6.0/bin/node" "/Users/mengqizhu/.nvm/versions/node/v6.6.0/bin/npm" "run" "server"
19 error node v6.6.0
20 error npm  v3.10.3
21 error code ELIFECYCLE
22 error my-app@0.1.0 server: `nodemon --ignore 'src/*.js' server.js`
22 error Exit status 1
23 error Failed at the my-app@0.1.0 server script 'nodemon --ignore 'src/*.js' server.js'.
23 error Make sure you have the latest version of node.js and npm installed.
23 error If you do, this is most likely a problem with the my-app package,
23 error not with npm itself.
23 error Tell the author that this fails on your system:
23 error     nodemon --ignore 'src/*.js' server.js
23 error You can get information on how to open an issue for this project with:
23 error     npm bugs my-app
23 error Or if that isn't available, you can get their info via:
23 error     npm owner ls my-app
23 error There is likely additional logging output above.
24 verbose exit [ 1, true ]
